<?xml version="1.0" encoding="UTF-8"?>
<!-- Generated by org.testng.reporters.JUnitXMLReporter -->
<testsuite hostname="Shashwat" ignored="0" name="Test" tests="3" failures="0" timestamp="01 Dec 2018 07:27:37 GMT" time="46.783" errors="0">
  <testcase name="testValidLogin" time="7.229" classname="com.actitime.tests.ValidLoginLogoutTest"/>
  <testcase name="testverifyversion" time="0.133" classname="com.actitime.tests.VerifyVersionTest"/>
  <testcase name="testverifyBuildid" time="5.701" classname="com.actitime.tests.VerifytheBuildNumberTest"/>
</testsuite> <!-- Test -->
