<?xml version="1.0" encoding="UTF-8"?>
<!-- Generated by org.testng.reporters.JUnitXMLReporter -->
<testsuite hostname="Shashwat" ignored="4" name="Test" tests="4" failures="0" timestamp="01 Dec 2018 10:04:06 GMT" time="0.051" errors="0">
  <testcase name="test1" time="0.012" classname="testng.testA"/>
  <testcase name="test2" time="0.001" classname="testng.testA"/>
  <testcase name="test3" time="0.001" classname="testng.testB"/>
  <testcase name="test4" time="0.003" classname="testng.testB"/>
  <testcase name="@AfterTest testG" time="0.0" classname="testng.testng">
    <ignored/>
  </testcase> <!-- @AfterTest testG -->
  <testcase name="@BeforeSuite testH" time="0.0" classname="testng.testng">
    <ignored/>
  </testcase> <!-- @BeforeSuite testH -->
  <testcase name="@BeforeTest testF" time="0.0" classname="testng.testng">
    <ignored/>
  </testcase> <!-- @BeforeTest testF -->
  <testcase name="@AfterSuite testI" time="0.0" classname="testng.testng">
    <ignored/>
  </testcase> <!-- @AfterSuite testI -->
</testsuite> <!-- Test -->
