<?xml version="1.0" encoding="UTF-8"?>
<testng-results skipped="0" failed="0" ignored="0" total="3" passed="3">
  <reporter-output>
    <line>
      <![CDATA[Title is matching: actiTIME - Login]]>
    </line>
    <line>
      <![CDATA[Title is matching: actiTIME - Enter Time-Track]]>
    </line>
    <line>
      <![CDATA[Title is matching: actiTIME - Login]]>
    </line>
    <line>
      <![CDATA[Title is matching: actiTIME - Login]]>
    </line>
    <line>
      <![CDATA[Element is precent: [[ChromeDriver: chrome on XP (bd5020619df66aa00a7b3ee3c3c860aa)] -> xpath: //nobr[contains(text(),'actiTIME')]]]]>
    </line>
    <line>
      <![CDATA[verion: actiTIME 2017.4]]>
    </line>
    <line>
      <![CDATA[Title is matching: actiTIME - Login]]>
    </line>
    <line>
      <![CDATA[Title is matching: actiTIME - Enter Time-Track]]>
    </line>
    <line>
      <![CDATA[Element is precent: [[ChromeDriver: chrome on XP (b5c24d2eba214efa03bc25e5863d10fe)] -> xpath: //span[.='(build 40469)']]]]>
    </line>
    <line>
      <![CDATA[product vorsion(build 40469)]]>
    </line>
  </reporter-output>
  <suite name="Suite" duration-ms="46783" started-at="2018-12-01T07:26:50Z" finished-at="2018-12-01T07:27:37Z">
    <groups>
    </groups>
    <test name="Test" duration-ms="46783" started-at="2018-12-01T07:26:50Z" finished-at="2018-12-01T07:27:37Z">
      <class name="com.actitime.tests.ValidLoginLogoutTest">
        <test-method status="PASS" signature="preCondition()[pri:0, instance:com.actitime.tests.ValidLoginLogoutTest@d80b78]" name="preCondition" is-config="true" duration-ms="10476" started-at="2018-12-01T07:26:50Z" finished-at="2018-12-01T07:27:01Z">
          <reporter-output>
          </reporter-output>
        </test-method> <!-- preCondition -->
        <test-method status="PASS" signature="testValidLogin()[pri:1, instance:com.actitime.tests.ValidLoginLogoutTest@d80b78]" name="testValidLogin" duration-ms="7229" started-at="2018-12-01T07:27:01Z" finished-at="2018-12-01T07:27:08Z">
          <reporter-output>
            <line>
              <![CDATA[Title is matching: actiTIME - Login]]>
            </line>
            <line>
              <![CDATA[Title is matching: actiTIME - Enter Time-Track]]>
            </line>
            <line>
              <![CDATA[Title is matching: actiTIME - Login]]>
            </line>
          </reporter-output>
        </test-method> <!-- testValidLogin -->
        <test-method status="PASS" signature="postCondition()[pri:0, instance:com.actitime.tests.ValidLoginLogoutTest@d80b78]" name="postCondition" is-config="true" duration-ms="2343" started-at="2018-12-01T07:27:08Z" finished-at="2018-12-01T07:27:10Z">
          <reporter-output>
          </reporter-output>
        </test-method> <!-- postCondition -->
      </class> <!-- com.actitime.tests.ValidLoginLogoutTest -->
      <class name="com.actitime.tests.VerifytheBuildNumberTest">
        <test-method status="PASS" signature="preCondition()[pri:0, instance:com.actitime.tests.VerifytheBuildNumberTest@1fdc050]" name="preCondition" is-config="true" duration-ms="8173" started-at="2018-12-01T07:27:21Z" finished-at="2018-12-01T07:27:29Z">
          <reporter-output>
          </reporter-output>
        </test-method> <!-- preCondition -->
        <test-method status="PASS" signature="testverifyBuildid()[pri:3, instance:com.actitime.tests.VerifytheBuildNumberTest@1fdc050]" name="testverifyBuildid" duration-ms="5701" started-at="2018-12-01T07:27:29Z" finished-at="2018-12-01T07:27:35Z">
          <reporter-output>
            <line>
              <![CDATA[Title is matching: actiTIME - Login]]>
            </line>
            <line>
              <![CDATA[Title is matching: actiTIME - Enter Time-Track]]>
            </line>
            <line>
              <![CDATA[Element is precent: [[ChromeDriver: chrome on XP (b5c24d2eba214efa03bc25e5863d10fe)] -> xpath: //span[.='(build 40469)']]]]>
            </line>
            <line>
              <![CDATA[product vorsion(build 40469)]]>
            </line>
          </reporter-output>
        </test-method> <!-- testverifyBuildid -->
        <test-method status="PASS" signature="postCondition()[pri:0, instance:com.actitime.tests.VerifytheBuildNumberTest@1fdc050]" name="postCondition" is-config="true" duration-ms="2141" started-at="2018-12-01T07:27:35Z" finished-at="2018-12-01T07:27:37Z">
          <reporter-output>
          </reporter-output>
        </test-method> <!-- postCondition -->
      </class> <!-- com.actitime.tests.VerifytheBuildNumberTest -->
      <class name="com.actitime.tests.VerifyVersionTest">
        <test-method status="PASS" signature="preCondition()[pri:0, instance:com.actitime.tests.VerifyVersionTest@1ce4f0a]" name="preCondition" is-config="true" duration-ms="8409" started-at="2018-12-01T07:27:10Z" finished-at="2018-12-01T07:27:19Z">
          <reporter-output>
          </reporter-output>
        </test-method> <!-- preCondition -->
        <test-method status="PASS" signature="testverifyversion()[pri:2, instance:com.actitime.tests.VerifyVersionTest@1ce4f0a]" name="testverifyversion" duration-ms="133" started-at="2018-12-01T07:27:19Z" finished-at="2018-12-01T07:27:19Z">
          <reporter-output>
            <line>
              <![CDATA[Title is matching: actiTIME - Login]]>
            </line>
            <line>
              <![CDATA[Element is precent: [[ChromeDriver: chrome on XP (bd5020619df66aa00a7b3ee3c3c860aa)] -> xpath: //nobr[contains(text(),'actiTIME')]]]]>
            </line>
            <line>
              <![CDATA[verion: actiTIME 2017.4]]>
            </line>
          </reporter-output>
        </test-method> <!-- testverifyversion -->
        <test-method status="PASS" signature="postCondition()[pri:0, instance:com.actitime.tests.VerifyVersionTest@1ce4f0a]" name="postCondition" is-config="true" duration-ms="2143" started-at="2018-12-01T07:27:19Z" finished-at="2018-12-01T07:27:21Z">
          <reporter-output>
          </reporter-output>
        </test-method> <!-- postCondition -->
      </class> <!-- com.actitime.tests.VerifyVersionTest -->
    </test> <!-- Test -->
  </suite> <!-- Suite -->
</testng-results>
